\BOOKMARK [1][-]{section.1}{Introduction}{}% 1
\BOOKMARK [2][-]{subsection.1.1}{Previous Work}{section.1}% 2
\BOOKMARK [3][-]{subsubsection.1.1.1}{Computing Sentences with Minimum Entropy Parse}{subsection.1.1}% 3
\BOOKMARK [2][-]{subsection.1.2}{Objectives}{section.1}% 4
\BOOKMARK [1][-]{section.2}{Methods}{}% 5
\BOOKMARK [2][-]{subsection.2.1}{Predicting the missing word}{section.2}% 6
\BOOKMARK [3][-]{subsubsection.2.1.1}{Event Structures}{subsection.2.1}% 7
\BOOKMARK [2][-]{subsection.2.2}{Learning from the Training Set: Strategies}{section.2}% 8
\BOOKMARK [3][-]{subsubsection.2.2.1}{No Grouping: Simplest Strategy}{subsection.2.2}% 9
\BOOKMARK [3][-]{subsubsection.2.2.2}{One Difference Groupings}{subsection.2.2}% 10
\BOOKMARK [3][-]{subsubsection.2.2.3}{Two Difference Groupings}{subsection.2.2}% 11
\BOOKMARK [2][-]{subsection.2.3}{Application of Grouping Information to Produce Valid Candidate Sentences}{section.2}% 12
\BOOKMARK [2][-]{subsection.2.4}{Expansion With WordNet}{section.2}% 13
\BOOKMARK [2][-]{subsection.2.5}{Conjugating WordNet Injections}{section.2}% 14
\BOOKMARK [2][-]{subsection.2.6}{Further Syntax-Checking Conjugated Sentences}{section.2}% 15
\BOOKMARK [1][-]{section.3}{Results}{}% 16
\BOOKMARK [2][-]{subsection.3.1}{Further Generalizing from Results}{section.3}% 17
\BOOKMARK [3][-]{subsubsection.3.1.1}{Further Expand From Results}{subsection.3.1}% 18
\BOOKMARK [1][-]{section.4}{Discussion and Future Work}{}% 19
\BOOKMARK [2][-]{subsection.4.1}{Future Work}{section.4}% 20
\BOOKMARK [1][-]{section.5}{Conclusion and Remarks on Fill In The Gaps Problem}{}% 21
\BOOKMARK [1][-]{section.6}{References}{}% 22
