This is pdfTeX, Version 3.14159265-2.6-1.40.18 (TeX Live 2017/NixOS.org) (preloaded format=pdflatex 2018.4.26)  18 MAY 2018 19:55
entering extended mode
 restricted \write18 enabled.
 %&-line parsing enabled.
**main.tex
(./main.tex
LaTeX2e <2017-04-15>
Babel <3.14> and hyphenation patterns for 87 language(s) loaded.

(/nix/store/5g0b787lcm1bam5xf1n9dm1vsf588hvx-texlive-combined-full-2017/share/t
exmf/tex/latex/base/article.cls
Document Class: article 2014/09/29 v1.4h Standard LaTeX document class

(/nix/store/5g0b787lcm1bam5xf1n9dm1vsf588hvx-texlive-combined-full-2017/share/t
exmf/tex/latex/base/size10.clo
File: size10.clo 2014/09/29 v1.4h Standard LaTeX file (size option)
)
\c@part=\count79
\c@section=\count80
\c@subsection=\count81
\c@subsubsection=\count82
\c@paragraph=\count83
\c@subparagraph=\count84
\c@figure=\count85
\c@table=\count86
\abovecaptionskip=\skip41
\belowcaptionskip=\skip42
\bibindent=\dimen102
)
(/nix/store/5g0b787lcm1bam5xf1n9dm1vsf588hvx-texlive-combined-full-2017/share/t
exmf/tex/latex/preprint/fullpage.sty
Package: fullpage 1999/02/23 1.1 (PWD)
\FP@margin=\skip43
)
(/nix/store/5g0b787lcm1bam5xf1n9dm1vsf588hvx-texlive-combined-full-2017/share/t
exmf/tex/latex/amsmath/amsmath.sty
Package: amsmath 2017/09/02 v2.17a AMS math features
\@mathmargin=\skip44

For additional information on amsmath, use the `?' option.

(/nix/store/5g0b787lcm1bam5xf1n9dm1vsf588hvx-texlive-combined-full-2017/share/t
exmf/tex/latex/amsmath/amstext.sty
Package: amstext 2000/06/29 v2.01 AMS text

(/nix/store/5g0b787lcm1bam5xf1n9dm1vsf588hvx-texlive-combined-full-2017/share/t
exmf/tex/latex/amsmath/amsgen.sty
File: amsgen.sty 1999/11/30 v2.0 generic functions
\@emptytoks=\toks14
\ex@=\dimen103
))
(/nix/store/5g0b787lcm1bam5xf1n9dm1vsf588hvx-texlive-combined-full-2017/share/t
exmf/tex/latex/amsmath/amsbsy.sty
Package: amsbsy 1999/11/29 v1.2d Bold Symbols
\pmbraise@=\dimen104
)
(/nix/store/5g0b787lcm1bam5xf1n9dm1vsf588hvx-texlive-combined-full-2017/share/t
exmf/tex/latex/amsmath/amsopn.sty
Package: amsopn 2016/03/08 v2.02 operator names
)
\inf@bad=\count87
LaTeX Info: Redefining \frac on input line 213.
\uproot@=\count88
\leftroot@=\count89
LaTeX Info: Redefining \overline on input line 375.
\classnum@=\count90
\DOTSCASE@=\count91
LaTeX Info: Redefining \ldots on input line 472.
LaTeX Info: Redefining \dots on input line 475.
LaTeX Info: Redefining \cdots on input line 596.
\Mathstrutbox@=\box26
\strutbox@=\box27
\big@size=\dimen105
LaTeX Font Info:    Redeclaring font encoding OML on input line 712.
LaTeX Font Info:    Redeclaring font encoding OMS on input line 713.
\macc@depth=\count92
\c@MaxMatrixCols=\count93
\dotsspace@=\muskip10
\c@parentequation=\count94
\dspbrk@lvl=\count95
\tag@help=\toks15
\row@=\count96
\column@=\count97
\maxfields@=\count98
\andhelp@=\toks16
\eqnshift@=\dimen106
\alignsep@=\dimen107
\tagshift@=\dimen108
\tagwidth@=\dimen109
\totwidth@=\dimen110
\lineht@=\dimen111
\@envbody=\toks17
\multlinegap=\skip45
\multlinetaggap=\skip46
\mathdisplay@stack=\toks18
LaTeX Info: Redefining \[ on input line 2817.
LaTeX Info: Redefining \] on input line 2818.
)
(/nix/store/5g0b787lcm1bam5xf1n9dm1vsf588hvx-texlive-combined-full-2017/share/t
exmf/tex/latex/amscls/amsthm.sty
Package: amsthm 2015/03/04 v2.20.2
\thm@style=\toks19
\thm@bodyfont=\toks20
\thm@headfont=\toks21
\thm@notefont=\toks22
\thm@headpunct=\toks23
\thm@preskip=\skip47
\thm@postskip=\skip48
\thm@headsep=\skip49
\dth@everypar=\toks24
)
(/nix/store/5g0b787lcm1bam5xf1n9dm1vsf588hvx-texlive-combined-full-2017/share/t
exmf/tex/latex/amsfonts/amssymb.sty
Package: amssymb 2013/01/14 v3.01 AMS font symbols

(/nix/store/5g0b787lcm1bam5xf1n9dm1vsf588hvx-texlive-combined-full-2017/share/t
exmf/tex/latex/amsfonts/amsfonts.sty
Package: amsfonts 2013/01/14 v3.01 Basic AMSFonts support
\symAMSa=\mathgroup4
\symAMSb=\mathgroup5
LaTeX Font Info:    Overwriting math alphabet `\mathfrak' in version `bold'
(Font)                  U/euf/m/n --> U/euf/b/n on input line 106.
))
(/nix/store/5g0b787lcm1bam5xf1n9dm1vsf588hvx-texlive-combined-full-2017/share/t
exmf/tex/latex/spverbatim/spverbatim.sty
Package: spverbatim 2009/08/10 v1.0 Verbatim with breakable spaces
)
(/nix/store/5g0b787lcm1bam5xf1n9dm1vsf588hvx-texlive-combined-full-2017/share/t
exmf/tex/latex/tools/indentfirst.sty
Package: indentfirst 1995/11/23 v1.03 Indent first paragraph (DPC)
)
(/nix/store/5g0b787lcm1bam5xf1n9dm1vsf588hvx-texlive-combined-full-2017/share/t
exmf/tex/latex/xcolor/xcolor.sty
Package: xcolor 2016/05/11 v2.12 LaTeX color extensions (UK)

(/nix/store/5g0b787lcm1bam5xf1n9dm1vsf588hvx-texlive-combined-full-2017/share/t
exmf/tex/latex/graphics-cfg/color.cfg
File: color.cfg 2016/01/02 v1.6 sample color configuration
)
Package xcolor Info: Driver file: pdftex.def on input line 225.

(/nix/store/5g0b787lcm1bam5xf1n9dm1vsf588hvx-texlive-combined-full-2017/share/t
exmf/tex/latex/graphics-def/pdftex.def
File: pdftex.def 2017/06/24 v1.0g Graphics/color driver for pdftex
)
Package xcolor Info: Model `cmy' substituted by `cmy0' on input line 1348.
Package xcolor Info: Model `hsb' substituted by `rgb' on input line 1352.
Package xcolor Info: Model `RGB' extended on input line 1364.
Package xcolor Info: Model `HTML' substituted by `rgb' on input line 1366.
Package xcolor Info: Model `Hsb' substituted by `hsb' on input line 1367.
Package xcolor Info: Model `tHsb' substituted by `hsb' on input line 1368.
Package xcolor Info: Model `HSB' substituted by `hsb' on input line 1369.
Package xcolor Info: Model `Gray' substituted by `gray' on input line 1370.
Package xcolor Info: Model `wave' substituted by `hsb' on input line 1371.
)
(/nix/store/5g0b787lcm1bam5xf1n9dm1vsf588hvx-texlive-combined-full-2017/share/t
exmf/tex/latex/fancyvrb/fancyvrb.sty
Package: fancyvrb 2008/02/07

Style option: `fancyvrb' v2.7a, with DG/SPQR fixes, and firstline=lastline fix 
<2008/02/07> (tvz)
(/nix/store/5g0b787lcm1bam5xf1n9dm1vsf588hvx-texlive-combined-full-2017/share/t
exmf/tex/latex/graphics/keyval.sty
Package: keyval 2014/10/28 v1.15 key=value parser (DPC)
\KV@toks@=\toks25
)
\FV@CodeLineNo=\count99
\FV@InFile=\read1
\FV@TabBox=\box28
\c@FancyVerbLine=\count100
\FV@StepNumber=\count101
\FV@OutFile=\write3
)
(/nix/store/5g0b787lcm1bam5xf1n9dm1vsf588hvx-texlive-combined-full-2017/share/t
exmf/tex/latex/graphics/graphicx.sty
Package: graphicx 2017/06/01 v1.1a Enhanced LaTeX Graphics (DPC,SPQR)

(/nix/store/5g0b787lcm1bam5xf1n9dm1vsf588hvx-texlive-combined-full-2017/share/t
exmf/tex/latex/graphics/graphics.sty
Package: graphics 2017/06/25 v1.2c Standard LaTeX Graphics (DPC,SPQR)

(/nix/store/5g0b787lcm1bam5xf1n9dm1vsf588hvx-texlive-combined-full-2017/share/t
exmf/tex/latex/graphics/trig.sty
Package: trig 2016/01/03 v1.10 sin cos tan (DPC)
)
(/nix/store/5g0b787lcm1bam5xf1n9dm1vsf588hvx-texlive-combined-full-2017/share/t
exmf/tex/latex/graphics-cfg/graphics.cfg
File: graphics.cfg 2016/06/04 v1.11 sample graphics configuration
)
Package graphics Info: Driver file: pdftex.def on input line 99.
)
\Gin@req@height=\dimen112
\Gin@req@width=\dimen113
)
(/nix/store/5g0b787lcm1bam5xf1n9dm1vsf588hvx-texlive-combined-full-2017/share/t
exmf/tex/latex/base/fontenc.sty
Package: fontenc 2017/04/05 v2.0i Standard LaTeX package

(/nix/store/5g0b787lcm1bam5xf1n9dm1vsf588hvx-texlive-combined-full-2017/share/t
exmf/tex/latex/base/t1enc.def
File: t1enc.def 2017/04/05 v2.0i Standard LaTeX file
LaTeX Font Info:    Redeclaring font encoding T1 on input line 48.
))
(/nix/store/5g0b787lcm1bam5xf1n9dm1vsf588hvx-texlive-combined-full-2017/share/t
exmf/tex/latex/psnfss/mathpazo.sty
Package: mathpazo 2005/04/12 PSNFSS-v9.2a Palatino w/ Pazo Math (D.Puga, WaS) 
\symupright=\mathgroup6
)
(/nix/store/5g0b787lcm1bam5xf1n9dm1vsf588hvx-texlive-combined-full-2017/share/t
exmf/tex/latex/caption/caption.sty
Package: caption 2016/02/21 v3.3-144 Customizing captions (AR)

(/nix/store/5g0b787lcm1bam5xf1n9dm1vsf588hvx-texlive-combined-full-2017/share/t
exmf/tex/latex/caption/caption3.sty
Package: caption3 2016/05/22 v1.7-166 caption3 kernel (AR)
Package caption3 Info: TeX engine: e-TeX on input line 67.
\captionmargin=\dimen114
\captionmargin@=\dimen115
\captionwidth=\dimen116
\caption@tempdima=\dimen117
\caption@indent=\dimen118
\caption@parindent=\dimen119
\caption@hangindent=\dimen120
)
\c@ContinuedFloat=\count102
)
(/nix/store/5g0b787lcm1bam5xf1n9dm1vsf588hvx-texlive-combined-full-2017/share/t
exmf/tex/latex/adjustbox/adjustbox.sty
Package: adjustbox 2012/05/21 v1.0 Adjusting TeX boxes (trim, clip, ...)

(/nix/store/5g0b787lcm1bam5xf1n9dm1vsf588hvx-texlive-combined-full-2017/share/t
exmf/tex/latex/xkeyval/xkeyval.sty
Package: xkeyval 2014/12/03 v2.7a package option processing (HA)

(/nix/store/5g0b787lcm1bam5xf1n9dm1vsf588hvx-texlive-combined-full-2017/share/t
exmf/tex/generic/xkeyval/xkeyval.tex
(/nix/store/5g0b787lcm1bam5xf1n9dm1vsf588hvx-texlive-combined-full-2017/share/t
exmf/tex/generic/xkeyval/xkvutils.tex
\XKV@toks=\toks26
\XKV@tempa@toks=\toks27
)
\XKV@depth=\count103
File: xkeyval.tex 2014/12/03 v2.7a key=value parser (HA)
))
(/nix/store/5g0b787lcm1bam5xf1n9dm1vsf588hvx-texlive-combined-full-2017/share/t
exmf/tex/latex/adjustbox/adjcalc.sty
Package: adjcalc 2012/05/16 v1.1 Provides advanced setlength with multiple back
-ends (calc, etex, pgfmath)
)
(/nix/store/5g0b787lcm1bam5xf1n9dm1vsf588hvx-texlive-combined-full-2017/share/t
exmf/tex/latex/adjustbox/trimclip.sty
Package: trimclip 2012/05/16 v1.0 Trim and clip general TeX material

(/nix/store/5g0b787lcm1bam5xf1n9dm1vsf588hvx-texlive-combined-full-2017/share/t
exmf/tex/latex/collectbox/collectbox.sty
Package: collectbox 2012/05/17 v0.4b Collect macro arguments as boxes
\collectedbox=\box29
)
\tc@llx=\dimen121
\tc@lly=\dimen122
\tc@urx=\dimen123
\tc@ury=\dimen124
Package trimclip Info: Using driver 'tc-pdftex.def'.

(/nix/store/5g0b787lcm1bam5xf1n9dm1vsf588hvx-texlive-combined-full-2017/share/t
exmf/tex/latex/adjustbox/tc-pdftex.def
File: tc-pdftex.def 2012/05/13 v1.0 Clipping driver for pdftex
))
\adjbox@Width=\dimen125
\adjbox@Height=\dimen126
\adjbox@Depth=\dimen127
\adjbox@Totalheight=\dimen128

(/nix/store/5g0b787lcm1bam5xf1n9dm1vsf588hvx-texlive-combined-full-2017/share/t
exmf/tex/latex/ifoddpage/ifoddpage.sty
Package: ifoddpage 2016/04/23 v1.1 Conditionals for odd/even page detection
\c@checkoddpage=\count104
)
(/nix/store/5g0b787lcm1bam5xf1n9dm1vsf588hvx-texlive-combined-full-2017/share/t
exmf/tex/latex/varwidth/varwidth.sty
Package: varwidth 2009/03/30 ver 0.92;  Variable-width minipages
\@vwid@box=\box30
\sift@deathcycles=\count105
\@vwid@loff=\dimen129
\@vwid@roff=\dimen130
))
(/nix/store/5g0b787lcm1bam5xf1n9dm1vsf588hvx-texlive-combined-full-2017/share/t
exmf/tex/latex/tools/enumerate.sty
Package: enumerate 2015/07/23 v3.00 enumerate extensions (DPC)
\@enLab=\toks28
)
(/nix/store/5g0b787lcm1bam5xf1n9dm1vsf588hvx-texlive-combined-full-2017/share/t
exmf/tex/latex/geometry/geometry.sty
Package: geometry 2010/09/12 v5.6 Page Geometry

(/nix/store/5g0b787lcm1bam5xf1n9dm1vsf588hvx-texlive-combined-full-2017/share/t
exmf/tex/generic/oberdiek/ifpdf.sty
Package: ifpdf 2017/03/15 v3.2 Provides the ifpdf switch
)
(/nix/store/5g0b787lcm1bam5xf1n9dm1vsf588hvx-texlive-combined-full-2017/share/t
exmf/tex/generic/oberdiek/ifvtex.sty
Package: ifvtex 2016/05/16 v1.6 Detect VTeX and its facilities (HO)
Package ifvtex Info: VTeX not detected.
)
(/nix/store/5g0b787lcm1bam5xf1n9dm1vsf588hvx-texlive-combined-full-2017/share/t
exmf/tex/generic/ifxetex/ifxetex.sty
Package: ifxetex 2010/09/12 v0.6 Provides ifxetex conditional
)
\Gm@cnth=\count106
\Gm@cntv=\count107
\c@Gm@tempcnt=\count108
\Gm@bindingoffset=\dimen131
\Gm@wd@mp=\dimen132
\Gm@odd@mp=\dimen133
\Gm@even@mp=\dimen134
\Gm@layoutwidth=\dimen135
\Gm@layoutheight=\dimen136
\Gm@layouthoffset=\dimen137
\Gm@layoutvoffset=\dimen138
\Gm@dimlist=\toks29
)
(/nix/store/5g0b787lcm1bam5xf1n9dm1vsf588hvx-texlive-combined-full-2017/share/t
exmf/tex/latex/base/textcomp.sty
Package: textcomp 2017/04/05 v2.0i Standard LaTeX package
Package textcomp Info: Sub-encoding information:
(textcomp)               5 = only ISO-Adobe without \textcurrency
(textcomp)               4 = 5 + \texteuro
(textcomp)               3 = 4 + \textohm
(textcomp)               2 = 3 + \textestimated + \textcurrency
(textcomp)               1 = TS1 - \textcircled - \t
(textcomp)               0 = TS1 (full)
(textcomp)             Font families with sub-encoding setting implement
(textcomp)             only a restricted character set as indicated.
(textcomp)             Family '?' is the default used for unknown fonts.
(textcomp)             See the documentation for details.
Package textcomp Info: Setting ? sub-encoding to TS1/1 on input line 79.

(/nix/store/5g0b787lcm1bam5xf1n9dm1vsf588hvx-texlive-combined-full-2017/share/t
exmf/tex/latex/base/ts1enc.def
File: ts1enc.def 2001/06/05 v3.0e (jk/car/fm) Standard LaTeX file
)
LaTeX Info: Redefining \oldstylenums on input line 334.
Package textcomp Info: Setting cmr sub-encoding to TS1/0 on input line 349.
Package textcomp Info: Setting cmss sub-encoding to TS1/0 on input line 350.
Package textcomp Info: Setting cmtt sub-encoding to TS1/0 on input line 351.
Package textcomp Info: Setting cmvtt sub-encoding to TS1/0 on input line 352.
Package textcomp Info: Setting cmbr sub-encoding to TS1/0 on input line 353.
Package textcomp Info: Setting cmtl sub-encoding to TS1/0 on input line 354.
Package textcomp Info: Setting ccr sub-encoding to TS1/0 on input line 355.
Package textcomp Info: Setting ptm sub-encoding to TS1/4 on input line 356.
Package textcomp Info: Setting pcr sub-encoding to TS1/4 on input line 357.
Package textcomp Info: Setting phv sub-encoding to TS1/4 on input line 358.
Package textcomp Info: Setting ppl sub-encoding to TS1/3 on input line 359.
Package textcomp Info: Setting pag sub-encoding to TS1/4 on input line 360.
Package textcomp Info: Setting pbk sub-encoding to TS1/4 on input line 361.
Package textcomp Info: Setting pnc sub-encoding to TS1/4 on input line 362.
Package textcomp Info: Setting pzc sub-encoding to TS1/4 on input line 363.
Package textcomp Info: Setting bch sub-encoding to TS1/4 on input line 364.
Package textcomp Info: Setting put sub-encoding to TS1/5 on input line 365.
Package textcomp Info: Setting uag sub-encoding to TS1/5 on input line 366.
Package textcomp Info: Setting ugq sub-encoding to TS1/5 on input line 367.
Package textcomp Info: Setting ul8 sub-encoding to TS1/4 on input line 368.
Package textcomp Info: Setting ul9 sub-encoding to TS1/4 on input line 369.
Package textcomp Info: Setting augie sub-encoding to TS1/5 on input line 370.
Package textcomp Info: Setting dayrom sub-encoding to TS1/3 on input line 371.
Package textcomp Info: Setting dayroms sub-encoding to TS1/3 on input line 372.

Package textcomp Info: Setting pxr sub-encoding to TS1/0 on input line 373.
Package textcomp Info: Setting pxss sub-encoding to TS1/0 on input line 374.
Package textcomp Info: Setting pxtt sub-encoding to TS1/0 on input line 375.
Package textcomp Info: Setting txr sub-encoding to TS1/0 on input line 376.
Package textcomp Info: Setting txss sub-encoding to TS1/0 on input line 377.
Package textcomp Info: Setting txtt sub-encoding to TS1/0 on input line 378.
Package textcomp Info: Setting lmr sub-encoding to TS1/0 on input line 379.
Package textcomp Info: Setting lmdh sub-encoding to TS1/0 on input line 380.
Package textcomp Info: Setting lmss sub-encoding to TS1/0 on input line 381.
Package textcomp Info: Setting lmssq sub-encoding to TS1/0 on input line 382.
Package textcomp Info: Setting lmvtt sub-encoding to TS1/0 on input line 383.
Package textcomp Info: Setting lmtt sub-encoding to TS1/0 on input line 384.
Package textcomp Info: Setting qhv sub-encoding to TS1/0 on input line 385.
Package textcomp Info: Setting qag sub-encoding to TS1/0 on input line 386.
Package textcomp Info: Setting qbk sub-encoding to TS1/0 on input line 387.
Package textcomp Info: Setting qcr sub-encoding to TS1/0 on input line 388.
Package textcomp Info: Setting qcs sub-encoding to TS1/0 on input line 389.
Package textcomp Info: Setting qpl sub-encoding to TS1/0 on input line 390.
Package textcomp Info: Setting qtm sub-encoding to TS1/0 on input line 391.
Package textcomp Info: Setting qzc sub-encoding to TS1/0 on input line 392.
Package textcomp Info: Setting qhvc sub-encoding to TS1/0 on input line 393.
Package textcomp Info: Setting futs sub-encoding to TS1/4 on input line 394.
Package textcomp Info: Setting futx sub-encoding to TS1/4 on input line 395.
Package textcomp Info: Setting futj sub-encoding to TS1/4 on input line 396.
Package textcomp Info: Setting hlh sub-encoding to TS1/3 on input line 397.
Package textcomp Info: Setting hls sub-encoding to TS1/3 on input line 398.
Package textcomp Info: Setting hlst sub-encoding to TS1/3 on input line 399.
Package textcomp Info: Setting hlct sub-encoding to TS1/5 on input line 400.
Package textcomp Info: Setting hlx sub-encoding to TS1/5 on input line 401.
Package textcomp Info: Setting hlce sub-encoding to TS1/5 on input line 402.
Package textcomp Info: Setting hlcn sub-encoding to TS1/5 on input line 403.
Package textcomp Info: Setting hlcw sub-encoding to TS1/5 on input line 404.
Package textcomp Info: Setting hlcf sub-encoding to TS1/5 on input line 405.
Package textcomp Info: Setting pplx sub-encoding to TS1/3 on input line 406.
Package textcomp Info: Setting pplj sub-encoding to TS1/3 on input line 407.
Package textcomp Info: Setting ptmx sub-encoding to TS1/4 on input line 408.
Package textcomp Info: Setting ptmj sub-encoding to TS1/4 on input line 409.
)
(/nix/store/5g0b787lcm1bam5xf1n9dm1vsf588hvx-texlive-combined-full-2017/share/t
exmf/tex/latex/upquote/upquote.sty
Package: upquote 2012/04/19 v1.3 upright-quote and grave-accent glyphs in verba
tim
)
(/nix/store/5g0b787lcm1bam5xf1n9dm1vsf588hvx-texlive-combined-full-2017/share/t
exmf/tex/latex/eurosym/eurosym.sty
Package: eurosym 1998/08/06 v1.1 European currency symbol ``Euro''
\@eurobox=\box31
)
(/nix/store/5g0b787lcm1bam5xf1n9dm1vsf588hvx-texlive-combined-full-2017/share/t
exmf/tex/latex/ucs/ucs.sty
Package: ucs 2013/05/11 v2.2 UCS: Unicode input support

(/nix/store/5g0b787lcm1bam5xf1n9dm1vsf588hvx-texlive-combined-full-2017/share/t
exmf/tex/latex/ucs/data/uni-global.def
File: uni-global.def 2013/05/13 UCS: Unicode global data
)
\uc@secondtry=\count109
\uc@combtoks=\toks30
\uc@combtoksb=\toks31
\uc@temptokena=\toks32
)
(/nix/store/5g0b787lcm1bam5xf1n9dm1vsf588hvx-texlive-combined-full-2017/share/t
exmf/tex/latex/base/inputenc.sty
Package: inputenc 2015/03/17 v1.2c Input encoding file
\inpenc@prehook=\toks33
\inpenc@posthook=\toks34

(/nix/store/5g0b787lcm1bam5xf1n9dm1vsf588hvx-texlive-combined-full-2017/share/t
exmf/tex/latex/ucs/utf8x.def
File: utf8x.def 2004/10/17 UCS: Input encoding UTF-8
))
(/nix/store/5g0b787lcm1bam5xf1n9dm1vsf588hvx-texlive-combined-full-2017/share/t
exmf/tex/latex/oberdiek/grffile.sty
Package: grffile 2016/05/16 v1.17 Extended file name support for graphics (HO)

(/nix/store/5g0b787lcm1bam5xf1n9dm1vsf588hvx-texlive-combined-full-2017/share/t
exmf/tex/latex/oberdiek/kvoptions.sty
Package: kvoptions 2016/05/16 v3.12 Key value format for package options (HO)

(/nix/store/5g0b787lcm1bam5xf1n9dm1vsf588hvx-texlive-combined-full-2017/share/t
exmf/tex/generic/oberdiek/ltxcmds.sty
Package: ltxcmds 2016/05/16 v1.23 LaTeX kernel commands for general use (HO)
)
(/nix/store/5g0b787lcm1bam5xf1n9dm1vsf588hvx-texlive-combined-full-2017/share/t
exmf/tex/generic/oberdiek/kvsetkeys.sty
Package: kvsetkeys 2016/05/16 v1.17 Key value parser (HO)

(/nix/store/5g0b787lcm1bam5xf1n9dm1vsf588hvx-texlive-combined-full-2017/share/t
exmf/tex/generic/oberdiek/infwarerr.sty
Package: infwarerr 2016/05/16 v1.4 Providing info/warning/error messages (HO)
)
(/nix/store/5g0b787lcm1bam5xf1n9dm1vsf588hvx-texlive-combined-full-2017/share/t
exmf/tex/generic/oberdiek/etexcmds.sty
Package: etexcmds 2016/05/16 v1.6 Avoid name clashes with e-TeX commands (HO)

(/nix/store/5g0b787lcm1bam5xf1n9dm1vsf588hvx-texlive-combined-full-2017/share/t
exmf/tex/generic/oberdiek/ifluatex.sty
Package: ifluatex 2016/05/16 v1.4 Provides the ifluatex switch (HO)
Package ifluatex Info: LuaTeX not detected.
)
Package etexcmds Info: Could not find \expanded.
(etexcmds)             That can mean that you are not using pdfTeX 1.50 or
(etexcmds)             that some package has redefined \expanded.
(etexcmds)             In the latter case, load this package earlier.
)))
(/nix/store/5g0b787lcm1bam5xf1n9dm1vsf588hvx-texlive-combined-full-2017/share/t
exmf/tex/generic/oberdiek/pdftexcmds.sty
Package: pdftexcmds 2017/03/19 v0.25 Utility functions of pdfTeX for LuaTeX (HO
)
Package pdftexcmds Info: LuaTeX not detected.
Package pdftexcmds Info: \pdf@primitive is available.
Package pdftexcmds Info: \pdf@ifprimitive is available.
Package pdftexcmds Info: \pdfdraftmode found.
)
Package grffile Info: Option `multidot' is set to `true'.
Package grffile Info: Option `extendedchars' is set to `false'.
Package grffile Info: Option `space' is set to `true'.
Package grffile Info: \Gin@ii of package `graphicx' fixed on input line 486.
)
(/nix/store/5g0b787lcm1bam5xf1n9dm1vsf588hvx-texlive-combined-full-2017/share/t
exmf/tex/latex/hyperref/hyperref.sty
Package: hyperref 2017/03/14 v6.85a Hypertext links for LaTeX

(/nix/store/5g0b787lcm1bam5xf1n9dm1vsf588hvx-texlive-combined-full-2017/share/t
exmf/tex/generic/oberdiek/hobsub-hyperref.sty
Package: hobsub-hyperref 2016/05/16 v1.14 Bundle oberdiek, subset hyperref (HO)


(/nix/store/5g0b787lcm1bam5xf1n9dm1vsf588hvx-texlive-combined-full-2017/share/t
exmf/tex/generic/oberdiek/hobsub-generic.sty
Package: hobsub-generic 2016/05/16 v1.14 Bundle oberdiek, subset generic (HO)
Package: hobsub 2016/05/16 v1.14 Construct package bundles (HO)
Package hobsub Info: Skipping package `infwarerr' (already loaded).
Package hobsub Info: Skipping package `ltxcmds' (already loaded).
Package hobsub Info: Skipping package `ifluatex' (already loaded).
Package hobsub Info: Skipping package `ifvtex' (already loaded).
Package: intcalc 2016/05/16 v1.2 Expandable calculations with integers (HO)
Package hobsub Info: Skipping package `ifpdf' (already loaded).
Package hobsub Info: Skipping package `etexcmds' (already loaded).
Package hobsub Info: Skipping package `kvsetkeys' (already loaded).
Package: kvdefinekeys 2016/05/16 v1.4 Define keys (HO)
Package hobsub Info: Skipping package `pdftexcmds' (already loaded).
Package: pdfescape 2016/05/16 v1.14 Implements pdfTeX's escape features (HO)
Package: bigintcalc 2016/05/16 v1.4 Expandable calculations on big integers (HO
)
Package: bitset 2016/05/16 v1.2 Handle bit-vector datatype (HO)
Package: uniquecounter 2016/05/16 v1.3 Provide unlimited unique counter (HO)
)
Package hobsub Info: Skipping package `hobsub' (already loaded).
Package: letltxmacro 2016/05/16 v1.5 Let assignment for LaTeX macros (HO)
Package: hopatch 2016/05/16 v1.3 Wrapper for package hooks (HO)
Package: xcolor-patch 2016/05/16 xcolor patch
Package: atveryend 2016/05/16 v1.9 Hooks at the very end of document (HO)
Package atveryend Info: \enddocument detected (standard20110627).
Package: atbegshi 2016/06/09 v1.18 At begin shipout hook (HO)
Package: refcount 2016/05/16 v3.5 Data extraction from label references (HO)
Package: hycolor 2016/05/16 v1.8 Color options for hyperref/bookmark (HO)
)
(/nix/store/5g0b787lcm1bam5xf1n9dm1vsf588hvx-texlive-combined-full-2017/share/t
exmf/tex/latex/oberdiek/auxhook.sty
Package: auxhook 2016/05/16 v1.4 Hooks for auxiliary files (HO)
)
\@linkdim=\dimen139
\Hy@linkcounter=\count110
\Hy@pagecounter=\count111

(/nix/store/5g0b787lcm1bam5xf1n9dm1vsf588hvx-texlive-combined-full-2017/share/t
exmf/tex/latex/hyperref/pd1enc.def
File: pd1enc.def 2017/03/14 v6.85a Hyperref: PDFDocEncoding definition (HO)
)
\Hy@SavedSpaceFactor=\count112

(/nix/store/5g0b787lcm1bam5xf1n9dm1vsf588hvx-texlive-combined-full-2017/share/t
exmf/tex/latex/latexconfig/hyperref.cfg
File: hyperref.cfg 2002/06/06 v1.2 hyperref configuration of TeXLive
)
Package hyperref Info: Hyper figures OFF on input line 4498.
Package hyperref Info: Link nesting OFF on input line 4503.
Package hyperref Info: Hyper index ON on input line 4506.
Package hyperref Info: Plain pages OFF on input line 4513.
Package hyperref Info: Backreferencing OFF on input line 4518.
Package hyperref Info: Implicit mode ON; LaTeX internals redefined.
Package hyperref Info: Bookmarks ON on input line 4751.
\c@Hy@tempcnt=\count113

(/nix/store/5g0b787lcm1bam5xf1n9dm1vsf588hvx-texlive-combined-full-2017/share/t
exmf/tex/latex/url/url.sty
\Urlmuskip=\muskip11
Package: url 2013/09/16  ver 3.4  Verb mode for urls, etc.
)
LaTeX Info: Redefining \url on input line 5104.
\XeTeXLinkMargin=\dimen140
\Fld@menulength=\count114
\Field@Width=\dimen141
\Fld@charsize=\dimen142
Package hyperref Info: Hyper figures OFF on input line 6358.
Package hyperref Info: Link nesting OFF on input line 6363.
Package hyperref Info: Hyper index ON on input line 6366.
Package hyperref Info: backreferencing OFF on input line 6373.
Package hyperref Info: Link coloring OFF on input line 6378.
Package hyperref Info: Link coloring with OCG OFF on input line 6383.
Package hyperref Info: PDF/A mode OFF on input line 6388.
LaTeX Info: Redefining \ref on input line 6428.
LaTeX Info: Redefining \pageref on input line 6432.
\Hy@abspage=\count115
\c@Item=\count116
\c@Hfootnote=\count117
)

Package hyperref Message: Driver (autodetected): hpdftex.


(/nix/store/5g0b787lcm1bam5xf1n9dm1vsf588hvx-texlive-combined-full-2017/share/t
exmf/tex/latex/hyperref/hpdftex.def
File: hpdftex.def 2017/03/14 v6.85a Hyperref driver for pdfTeX
\Fld@listcount=\count118
\c@bookmark@seq@number=\count119

(/nix/store/5g0b787lcm1bam5xf1n9dm1vsf588hvx-texlive-combined-full-2017/share/t
exmf/tex/latex/oberdiek/rerunfilecheck.sty
Package: rerunfilecheck 2016/05/16 v1.8 Rerun checks for auxiliary files (HO)
Package uniquecounter Info: New unique counter `rerunfilecheck' on input line 2
82.
)
\Hy@SectionHShift=\skip50
)
(/nix/store/5g0b787lcm1bam5xf1n9dm1vsf588hvx-texlive-combined-full-2017/share/t
exmf/tex/latex/tools/longtable.sty
Package: longtable 2014/10/28 v4.11 Multi-page Table package (DPC)
\LTleft=\skip51
\LTright=\skip52
\LTpre=\skip53
\LTpost=\skip54
\LTchunksize=\count120
\LTcapwidth=\dimen143
\LT@head=\box32
\LT@firsthead=\box33
\LT@foot=\box34
\LT@lastfoot=\box35
\LT@cols=\count121
\LT@rows=\count122
\c@LT@tables=\count123
\c@LT@chunks=\count124
\LT@p@ftn=\toks35
)
(/nix/store/5g0b787lcm1bam5xf1n9dm1vsf588hvx-texlive-combined-full-2017/share/t
exmf/tex/latex/booktabs/booktabs.sty
Package: booktabs 2016/04/27 v1.618033 publication quality tables
\heavyrulewidth=\dimen144
\lightrulewidth=\dimen145
\cmidrulewidth=\dimen146
\belowrulesep=\dimen147
\belowbottomsep=\dimen148
\aboverulesep=\dimen149
\abovetopsep=\dimen150
\cmidrulesep=\dimen151
\cmidrulekern=\dimen152
\defaultaddspace=\dimen153
\@cmidla=\count125
\@cmidlb=\count126
\@aboverulesep=\dimen154
\@belowrulesep=\dimen155
\@thisruleclass=\count127
\@lastruleclass=\count128
\@thisrulewidth=\dimen156
)
(/nix/store/5g0b787lcm1bam5xf1n9dm1vsf588hvx-texlive-combined-full-2017/share/t
exmf/tex/latex/enumitem/enumitem.sty
Package: enumitem 2011/09/28 v3.5.2 Customized lists
\labelindent=\skip55
\enit@outerparindent=\dimen157
\enit@toks=\toks36
\enit@inbox=\box36
\enitdp@description=\count129
)
(/nix/store/5g0b787lcm1bam5xf1n9dm1vsf588hvx-texlive-combined-full-2017/share/t
exmf/tex/generic/ulem/ulem.sty
\UL@box=\box37
\UL@hyphenbox=\box38
\UL@skip=\skip56
\UL@hook=\toks37
\UL@height=\dimen158
\UL@pe=\count130
\UL@pixel=\dimen159
\ULC@box=\box39
Package: ulem 2012/05/18
\ULdepth=\dimen160
)
\c@problemx=\count131
 (./main.aux)
\openout1 = `main.aux'.

LaTeX Font Info:    Checking defaults for OML/cmm/m/it on input line 98.
LaTeX Font Info:    ... okay on input line 98.
LaTeX Font Info:    Checking defaults for T1/cmr/m/n on input line 98.
LaTeX Font Info:    ... okay on input line 98.
LaTeX Font Info:    Checking defaults for OT1/cmr/m/n on input line 98.
LaTeX Font Info:    ... okay on input line 98.
LaTeX Font Info:    Checking defaults for OMS/cmsy/m/n on input line 98.
LaTeX Font Info:    ... okay on input line 98.
LaTeX Font Info:    Checking defaults for OMX/cmex/m/n on input line 98.
LaTeX Font Info:    ... okay on input line 98.
LaTeX Font Info:    Checking defaults for U/cmr/m/n on input line 98.
LaTeX Font Info:    ... okay on input line 98.
LaTeX Font Info:    Checking defaults for TS1/cmr/m/n on input line 98.
LaTeX Font Info:    Try loading font information for TS1+cmr on input line 98.

(/nix/store/5g0b787lcm1bam5xf1n9dm1vsf588hvx-texlive-combined-full-2017/share/t
exmf/tex/latex/base/ts1cmr.fd
File: ts1cmr.fd 2014/09/29 v2.5h Standard LaTeX font definitions
)
LaTeX Font Info:    ... okay on input line 98.
LaTeX Font Info:    Checking defaults for PD1/pdf/m/n on input line 98.
LaTeX Font Info:    ... okay on input line 98.
LaTeX Font Info:    Try loading font information for T1+ppl on input line 98.

(/nix/store/5g0b787lcm1bam5xf1n9dm1vsf588hvx-texlive-combined-full-2017/share/t
exmf/tex/latex/psnfss/t1ppl.fd
File: t1ppl.fd 2001/06/04 font definitions for T1/ppl.
)
(/nix/store/5g0b787lcm1bam5xf1n9dm1vsf588hvx-texlive-combined-full-2017/share/t
exmf/tex/context/base/mkii/supp-pdf.mkii
[Loading MPS to PDF converter (version 2006.09.02).]
\scratchcounter=\count132
\scratchdimen=\dimen161
\scratchbox=\box40
\nofMPsegments=\count133
\nofMParguments=\count134
\everyMPshowfont=\toks38
\MPscratchCnt=\count135
\MPscratchDim=\dimen162
\MPnumerator=\count136
\makeMPintoPDFobject=\count137
\everyMPtoPDFconversion=\toks39
)
(/nix/store/5g0b787lcm1bam5xf1n9dm1vsf588hvx-texlive-combined-full-2017/share/t
exmf/tex/latex/oberdiek/epstopdf-base.sty
Package: epstopdf-base 2016/05/15 v2.6 Base part for package epstopdf

(/nix/store/5g0b787lcm1bam5xf1n9dm1vsf588hvx-texlive-combined-full-2017/share/t
exmf/tex/latex/oberdiek/grfext.sty
Package: grfext 2016/05/16 v1.2 Manage graphics extensions (HO)
)
Package epstopdf-base Info: Redefining graphics rule for `.eps' on input line 4
38.
Package grfext Info: Graphics extension search list:
(grfext)             [.pdf,.png,.jpg,.mps,.jpeg,.jbig2,.jb2,.PDF,.PNG,.JPG,.JPE
G,.JBIG2,.JB2,.eps]
(grfext)             \AppendGraphicsExtensions on input line 456.

(/nix/store/5g0b787lcm1bam5xf1n9dm1vsf588hvx-texlive-combined-full-2017/share/t
exmf/tex/latex/latexconfig/epstopdf-sys.cfg
File: epstopdf-sys.cfg 2010/07/13 v1.3 Configuration of (r)epstopdf for TeX Liv
e
))
Package caption Info: Begin \AtBeginDocument code.
Package caption Info: hyperref package is loaded.
Package caption Info: longtable package is loaded.

(/nix/store/5g0b787lcm1bam5xf1n9dm1vsf588hvx-texlive-combined-full-2017/share/t
exmf/tex/latex/caption/ltcaption.sty
Package: ltcaption 2013/06/09 v1.4-94 longtable captions (AR)
)
Package caption Info: End \AtBeginDocument code.

*geometry* driver: auto-detecting
*geometry* detected driver: pdftex
*geometry* verbose mode - [ preamble ] result:
* driver: pdftex
* paper: <default>
* layout: <same size as paper>
* layoutoffset:(h,v)=(0.0pt,0.0pt)
* modes: 
* h-part:(L,W,R)=(92.14519pt, 430.00462pt, 92.14519pt)
* v-part:(T,H,B)=(95.39737pt, 556.47656pt, 143.09605pt)
* \paperwidth=614.295pt
* \paperheight=794.96999pt
* \textwidth=430.00462pt
* \textheight=556.47656pt
* \oddsidemargin=19.8752pt
* \evensidemargin=19.8752pt
* \topmargin=23.12738pt
* \headheight=0.0pt
* \headsep=0.0pt
* \topskip=10.0pt
* \footskip=30.0pt
* \marginparwidth=65.0pt
* \marginparsep=11.0pt
* \columnsep=10.0pt
* \skip\footins=9.0pt plus 4.0pt minus 2.0pt
* \hoffset=0.0pt
* \voffset=0.0pt
* \mag=1000
* \@twocolumnfalse
* \@twosidefalse
* \@mparswitchfalse
* \@reversemarginfalse
* (1in=72.27pt=25.4mm, 1cm=28.453pt)


(/nix/store/5g0b787lcm1bam5xf1n9dm1vsf588hvx-texlive-combined-full-2017/share/t
exmf/tex/latex/ucs/ucsencs.def
File: ucsencs.def 2011/01/21 Fixes to fontencodings LGR, T3
)
\AtBeginShipoutBox=\box41
Package hyperref Info: Link coloring OFF on input line 98.

(/nix/store/5g0b787lcm1bam5xf1n9dm1vsf588hvx-texlive-combined-full-2017/share/t
exmf/tex/latex/hyperref/nameref.sty
Package: nameref 2016/05/21 v2.44 Cross-referencing by name of section

(/nix/store/5g0b787lcm1bam5xf1n9dm1vsf588hvx-texlive-combined-full-2017/share/t
exmf/tex/generic/oberdiek/gettitlestring.sty
Package: gettitlestring 2016/05/16 v1.5 Cleanup title references (HO)
)
\c@section@level=\count138
)
LaTeX Info: Redefining \ref on input line 98.
LaTeX Info: Redefining \pageref on input line 98.
LaTeX Info: Redefining \nameref on input line 98.
 (./main.out) (./main.out)
\@outlinefile=\write4
\openout4 = `main.out'.

LaTeX Font Info:    Font shape `T1/ppl/bx/n' in size <10> not available
(Font)              Font shape `T1/ppl/b/n' tried instead on input line 101.
LaTeX Font Info:    Font shape `T1/ppl/bx/n' in size <20.74> not available
(Font)              Font shape `T1/ppl/b/n' tried instead on input line 101.
LaTeX Font Info:    Font shape `T1/ppl/bx/n' in size <14.4> not available
(Font)              Font shape `T1/ppl/b/n' tried instead on input line 118.

Underfull \hbox (badness 10000) in paragraph at lines 120--121

 []


Underfull \hbox (badness 10000) in paragraph at lines 122--123

 []


Underfull \hbox (badness 10000) in paragraph at lines 124--125

 []


Underfull \hbox (badness 10000) in paragraph at lines 139--140

 []

[1

{/nix/store/5g0b787lcm1bam5xf1n9dm1vsf588hvx-texlive-combined-full-2017/share/t
exmf/fonts/map/pdftex/updmap/pdftex.map}]
LaTeX Font Info:    Font shape `T1/ppl/bx/n' in size <12> not available
(Font)              Font shape `T1/ppl/b/n' tried instead on input line 143.
LaTeX Font Info:    Try loading font information for T1+cmtt on input line 150.


(/nix/store/5g0b787lcm1bam5xf1n9dm1vsf588hvx-texlive-combined-full-2017/share/t
exmf/tex/latex/base/t1cmtt.fd
File: t1cmtt.fd 2014/09/29 v2.5h Standard LaTeX font definitions
)
Overfull \hbox (31.88258pt too wide) in paragraph at lines 157--157
[]\T1/cmtt/m/n/10 Original[] sentence:[] Pierre[] Vinken[] ,[] 61[] years[] old
[] ,[] will[] join[] the[] board[] as[] a[] non-executive[]
 []


Overfull \hbox (16.13643pt too wide) in paragraph at lines 157--157
[]\T1/cmtt/m/n/10 Blanked[] sentence:[] Pierre[] Vinken[] ,[] 61[] years[] old[
] ,[] will[] __[] the[] board[] as[] a[] non-executive[]
 []


Overfull \hbox (68.62361pt too wide) in paragraph at lines 157--157
[]\T1/cmtt/m/n/10 Minimum-entropy[] sentence:[] Pierre[] Vinken[] ,[] 61[] year
s[] old[] ,[] will[] form[] the[] board[] as[] a[] non-executive[]
 []


Underfull \hbox (badness 10000) in paragraph at lines 159--160

 []


Underfull \hbox (badness 10000) in paragraph at lines 172--173

 []


Underfull \hbox (badness 10000) in paragraph at lines 174--175

 []


Overfull \hbox (31.88258pt too wide) in paragraph at lines 184--184
[]\T1/cmtt/m/n/10 Original[] sentence:[] Mr.[] Vinken[] is[] chairman[] of[] El
sevier[] N.V.[] ,[] the[] Dutch[] publishing[] group.[] 
 []

[2]
Overfull \hbox (21.38515pt too wide) in paragraph at lines 184--184
[]\T1/cmtt/m/n/10 Minimum-entropy[] sentence:[] Mr.[] Vinken[] is[] Pierre[] of
[] Elsevier[] N.V.[] ,[] the[] Dutch[] publishing[]
 []


Underfull \hbox (badness 10000) in paragraph at lines 186--187

 []


Underfull \hbox (badness 10000) in paragraph at lines 189--190

 []


Underfull \hbox (badness 10000) in paragraph at lines 202--203

 []

<6_863_Pipeline.jpg, id=105, 963.6pt x 722.7pt>
File: 6_863_Pipeline.jpg Graphic file (type jpg)
<use 6_863_Pipeline.jpg>
Package pdftex.def Info: 6_863_Pipeline.jpg  used on input line 214. on input l
ine 214.
Package pdftex.def Info: Requested size: 430.00462pt x 322.49922pt on input lin
e 214.
[3]
Underfull \hbox (badness 10000) in paragraph at lines 221--222

 []


Underfull \hbox (badness 10000) in paragraph at lines 223--224

 []


Underfull \hbox (badness 10000) in paragraph at lines 225--226

 []

[4 <./6_863_Pipeline.jpg>]
Underfull \hbox (badness 10000) in paragraph at lines 227--228

 []


(/nix/store/5g0b787lcm1bam5xf1n9dm1vsf588hvx-texlive-combined-full-2017/share/t
exmf/tex/latex/ucs/data/uni-32.def
File: uni-32.def 2013/05/13 UCS: Unicode data U+2000..U+20FF
)
LaTeX Font Info:    Try loading font information for TS1+ppl on input line 248.


(/nix/store/5g0b787lcm1bam5xf1n9dm1vsf588hvx-texlive-combined-full-2017/share/t
exmf/tex/latex/psnfss/ts1ppl.fd
File: ts1ppl.fd 2001/06/04 font definitions for TS1/ppl.
)
Underfull \hbox (badness 10000) in paragraph at lines 253--254

 []

[5]
LaTeX Font Info:    Try loading font information for TS1+cmtt on input line 279
.

(/nix/store/5g0b787lcm1bam5xf1n9dm1vsf588hvx-texlive-combined-full-2017/share/t
exmf/tex/latex/base/ts1cmtt.fd
File: ts1cmtt.fd 2014/09/29 v2.5h Standard LaTeX font definitions
)
Overfull \hbox (21.38515pt too wide) in paragraph at lines 279--279
[]\T1/cmtt/m/n/10 [{\TS1/cmtt/m/n/10 '\T1/cmtt/m/n/10 action\TS1/cmtt/m/n/10 '\
T1/cmtt/m/n/10 :[] set([\TS1/cmtt/m/n/10 '\T1/cmtt/m/n/10 eat\TS1/cmtt/m/n/10 '
\T1/cmtt/m/n/10 ]),[] \TS1/cmtt/m/n/10 '\T1/cmtt/m/n/10 tense\TS1/cmtt/m/n/10 '
\T1/cmtt/m/n/10 :[] set([\TS1/cmtt/m/n/10 '\T1/cmtt/m/n/10 past\TS1/cmtt/m/n/10
 '\T1/cmtt/m/n/10 ]),[] \TS1/cmtt/m/n/10 '\T1/cmtt/m/n/10 patient\TS1/cmtt/m/n/
10 '\T1/cmtt/m/n/10 :[] set([\TS1/cmtt/m/n/10 '\T1/cmtt/m/n/10 tomato\TS1/cmtt/
m/n/10 '\T1/cmtt/m/n/10 ]),[] \TS1/cmtt/m/n/10 '\T1/cmtt/m/n/10 agent\TS1/cmtt/
m/n/10 '\T1/cmtt/m/n/10 :[]
 []


Overfull \hbox (21.38515pt too wide) in paragraph at lines 279--279
\T1/cmtt/m/n/10 set([\TS1/cmtt/m/n/10 '\T1/cmtt/m/n/10 John\TS1/cmtt/m/n/10 '\T
1/cmtt/m/n/10 ,[] \TS1/cmtt/m/n/10 '\T1/cmtt/m/n/10 Mary\TS1/cmtt/m/n/10 '\T1/c
mtt/m/n/10 ])},[] {\TS1/cmtt/m/n/10 '\T1/cmtt/m/n/10 action\TS1/cmtt/m/n/10 '\T
1/cmtt/m/n/10 :[] set([\TS1/cmtt/m/n/10 '\T1/cmtt/m/n/10 eat\TS1/cmtt/m/n/10 '\
T1/cmtt/m/n/10 ]),[] \TS1/cmtt/m/n/10 '\T1/cmtt/m/n/10 patient\TS1/cmtt/m/n/10 
'\T1/cmtt/m/n/10 :[] set([\TS1/cmtt/m/n/10 '\T1/cmtt/m/n/10 tomato\TS1/cmtt/m/n
/10 '\T1/cmtt/m/n/10 ,[] \TS1/cmtt/m/n/10 '\T1/cmtt/m/n/10 potato\TS1/cmtt/m/n/
10 '\T1/cmtt/m/n/10 ]),[]
 []


Overfull \hbox (26.63387pt too wide) in paragraph at lines 293--293
[]\T1/cmtt/m/n/10 [{\TS1/cmtt/m/n/10 '\T1/cmtt/m/n/10 action\TS1/cmtt/m/n/10 '\
T1/cmtt/m/n/10 :[] set([\TS1/cmtt/m/n/10 '\T1/cmtt/m/n/10 eat\TS1/cmtt/m/n/10 '
\T1/cmtt/m/n/10 ]),[] \TS1/cmtt/m/n/10 '\T1/cmtt/m/n/10 tense\TS1/cmtt/m/n/10 '
\T1/cmtt/m/n/10 :[] set([\TS1/cmtt/m/n/10 '\T1/cmtt/m/n/10 past\TS1/cmtt/m/n/10
 '\T1/cmtt/m/n/10 ]),[] \TS1/cmtt/m/n/10 '\T1/cmtt/m/n/10 patient\TS1/cmtt/m/n/
10 '\T1/cmtt/m/n/10 :[] set([\TS1/cmtt/m/n/10 '\T1/cmtt/m/n/10 tomato\TS1/cmtt/
m/n/10 '\T1/cmtt/m/n/10 ,[] \TS1/cmtt/m/n/10 '\T1/cmtt/m/n/10 potato\TS1/cmtt/m
/n/10 '\T1/cmtt/m/n/10 ]),[]
 []


Underfull \hbox (badness 10000) in paragraph at lines 305--306

 []


Underfull \hbox (badness 10000) in paragraph at lines 307--308

 []

[6] [7] [8] [9]
LaTeX Font Info:    Font shape `T1/ppl/bx/it' in size <10> not available
(Font)              Font shape `T1/ppl/b/it' tried instead on input line 436.

Underfull \hbox (badness 10000) in paragraph at lines 436--437

 []

[10]
Underfull \hbox (badness 10000) in paragraph at lines 491--492

 []


Underfull \hbox (badness 10000) in paragraph at lines 493--494

 []


Underfull \hbox (badness 10000) in paragraph at lines 495--496

 []


Overfull \hbox (4.13077pt too wide) in paragraph at lines 497--498
\T1/ppl/m/n/10 thing to con-sider would be to add a group-ing pro-ce-dure that 
only groups ac-cord-ing to the N/log(N)
 []

[11] [12]
Overfull \hbox (10.88771pt too wide) in paragraph at lines 533--533
[]\T1/cmtt/m/n/10 [1][] S.[] Bird,[] E.[] Loper,[] and[] E.[] Klein.[] NLTK[] 3
.2.5[] Documentation.[] https://www.nltk.org/[] 
 []


Overfull \hbox (5.63899pt too wide) in paragraph at lines 533--533
[]\T1/cmtt/m/n/10 [8][] M.[] Marcus,[] B.[] Santorini,[] M.[] Marcinkiewicz,[] 
and[] A.[] Taylor.[] Penn[] Treebank[] Sample.[] 
 []


Overfull \hbox (42.38002pt too wide) in paragraph at lines 533--533
[][] [] [] [] \T1/cmtt/m/n/10 Philadelphia:[] Linguistic[] Data[] Consortium.[]
 1999.[] https://catalog.ldc.upenn.edu/ldc99t42[] 
 []

Package atveryend Info: Empty hook `BeforeClearDocument' on input line 535.
[13]
Package atveryend Info: Empty hook `AfterLastShipout' on input line 535.
 (./main.aux)
Package atveryend Info: Executing hook `AtVeryEndDocument' on input line 535.
Package atveryend Info: Executing hook `AtEndAfterFileList' on input line 535.
Package rerunfilecheck Info: File `main.out' has not changed.
(rerunfilecheck)             Checksum: 747E7CF3C0B9EDF45C221D3C322E150F;1650.
Package atveryend Info: Empty hook `AtVeryVeryEnd' on input line 535.
 ) 
Here is how much of TeX's memory you used:
 11087 strings out of 492936
 176315 string characters out of 6108139
 264317 words of memory out of 5000000
 14386 multiletter control sequences out of 15000+600000
 18086 words of font info for 36 fonts, out of 8000000 for 9000
 1181 hyphenation exceptions out of 8191
 36i,6n,77p,906b,453s stack positions out of 5000i,500n,10000p,200000b,80000s
{/nix/store/5g0b787lcm1bam5xf1n9dm1vsf588hvx-texlive-combined-full-2017/share
/texmf/fonts/enc/dvips/base/8r.enc}{/nix/store/5g0b787lcm1bam5xf1n9dm1vsf588hvx
-texlive-combined-full-2017/share/texmf/fonts/enc/dvips/cm-super/cm-super-ts1.e
nc}{/nix/store/5g0b787lcm1bam5xf1n9dm1vsf588hvx-texlive-combined-full-2017/shar
e/texmf/fonts/enc/dvips/cm-super/cm-super-t1.enc}</nix/store/5g0b787lcm1bam5xf1
n9dm1vsf588hvx-texlive-combined-full-2017/share/texmf/fonts/type1/public/cm-sup
er/sftt1000.pfb></nix/store/5g0b787lcm1bam5xf1n9dm1vsf588hvx-texlive-combined-f
ull-2017/share/texmf/fonts/type1/urw/palatino/uplb8a.pfb></nix/store/5g0b787lcm
1bam5xf1n9dm1vsf588hvx-texlive-combined-full-2017/share/texmf/fonts/type1/urw/p
alatino/uplbi8a.pfb></nix/store/5g0b787lcm1bam5xf1n9dm1vsf588hvx-texlive-combin
ed-full-2017/share/texmf/fonts/type1/urw/palatino/uplr8a.pfb></nix/store/5g0b78
7lcm1bam5xf1n9dm1vsf588hvx-texlive-combined-full-2017/share/texmf/fonts/type1/u
rw/palatino/uplri8a.pfb>
Output written on main.pdf (13 pages, 205626 bytes).
PDF statistics:
 199 PDF objects out of 1000 (max. 8388607)
 176 compressed objects within 2 object streams
 45 named destinations out of 1000 (max. 500000)
 182 words of extra memory for PDF output out of 10000 (max. 10000000)

